build/app/intermediates/manifest_merge_blame_file/release/manifest-merger-blame-release-report.txt
1<?xml version="1.0" encoding="utf-8"?>
2<manifest xmlns:android="http://schemas.android.com/apk/res/android"
3    package="com.example.grad_project"
4    android:versionCode="1"
5    android:versionName="1.0.0" >
6
7    <uses-sdk
8        android:minSdkVersion="19"
8-->src/main/AndroidManifest.xml
9        android:targetSdkVersion="33" />
9-->src/main/AndroidManifest.xml
10
11    <uses-permission android:name="android.permission.INTERNET" />
11-->src/main/AndroidManifest.xml:2:5-67
11-->src/main/AndroidManifest.xml:2:22-64
12    <uses-permission
12-->[:file_picker] AndroidManifest.xml:9:5-11:38
13        android:name="android.permission.READ_EXTERNAL_STORAGE"
13-->[:file_picker] AndroidManifest.xml:10:9-64
14        android:maxSdkVersion="32" />
14-->[:file_picker] AndroidManifest.xml:11:9-35
15
16    <queries>
16-->[:file_picker] AndroidManifest.xml:13:5-19:15
17        <intent>
17-->[:file_picker] AndroidManifest.xml:14:9-18:18
18            <action android:name="android.intent.action.GET_CONTENT" />
18-->[:file_picker] AndroidManifest.xml:15:13-72
18-->[:file_picker] AndroidManifest.xml:15:21-69
19
20            <data android:mimeType="*/*" />
20-->[:file_picker] AndroidManifest.xml:17:13-44
20-->[:file_picker] AndroidManifest.xml:17:19-41
21        </intent>
22    </queries>
23
24    <permission
24-->[androidx.core:core:1.10.1] AndroidManifest.xml:22:5-24:47
25        android:name="com.example.grad_project.DYNAMIC_RECEIVER_NOT_EXPORTED_PERMISSION"
25-->[androidx.core:core:1.10.1] AndroidManifest.xml:23:9-81
26        android:protectionLevel="signature" />
26-->[androidx.core:core:1.10.1] AndroidManifest.xml:24:9-44
27
28    <uses-permission android:name="com.example.grad_project.DYNAMIC_RECEIVER_NOT_EXPORTED_PERMISSION" />
28-->[androidx.core:core:1.10.1] AndroidManifest.xml:26:5-97
28-->[androidx.core:core:1.10.1] AndroidManifest.xml:26:22-94
29
30    <application
31        android:name="android.app.Application"
31-->src/main/AndroidManifest.xml:6:9-42
32        android:appComponentFactory="androidx.core.app.CoreComponentFactory"
32-->[androidx.core:core:1.10.1] AndroidManifest.xml:28:18-86
33        android:icon="@mipmap/ic_launcher"
33-->src/main/AndroidManifest.xml:7:9-43
34        android:label="Data Flow" >
34-->src/main/AndroidManifest.xml:5:9-34
35        <activity
35-->src/main/AndroidManifest.xml:8:9-28:20
36            android:name="com.example.grad_project.MainActivity"
36-->src/main/AndroidManifest.xml:9:13-41
37            android:configChanges="orientation|keyboardHidden|keyboard|screenSize|smallestScreenSize|locale|layoutDirection|fontScale|screenLayout|density|uiMode"
37-->src/main/AndroidManifest.xml:13:13-163
38            android:exported="true"
38-->src/main/AndroidManifest.xml:10:13-36
39            android:hardwareAccelerated="true"
39-->src/main/AndroidManifest.xml:14:13-47
40            android:launchMode="singleTop"
40-->src/main/AndroidManifest.xml:11:13-43
41            android:theme="@style/LaunchTheme"
41-->src/main/AndroidManifest.xml:12:13-47
42            android:windowSoftInputMode="adjustResize" >
42-->src/main/AndroidManifest.xml:15:13-55
43
44            <!--
45                 Specifies an Android theme to apply to this Activity as soon as
46                 the Android process has started. This theme is visible to the user
47                 while the Flutter UI initializes. After that, this theme continues
48                 to determine the Window background behind the Flutter UI.
49            -->
50            <meta-data
50-->src/main/AndroidManifest.xml:20:13-23:17
51                android:name="io.flutter.embedding.android.NormalTheme"
51-->src/main/AndroidManifest.xml:21:15-70
52                android:resource="@style/NormalTheme" />
52-->src/main/AndroidManifest.xml:22:15-52
53
54            <intent-filter>
54-->src/main/AndroidManifest.xml:24:13-27:29
55                <action android:name="android.intent.action.MAIN" />
55-->src/main/AndroidManifest.xml:25:17-68
55-->src/main/AndroidManifest.xml:25:25-66
56
57                <category android:name="android.intent.category.LAUNCHER" />
57-->src/main/AndroidManifest.xml:26:17-76
57-->src/main/AndroidManifest.xml:26:27-74
58            </intent-filter>
59        </activity>
60        <!--
61             Don't delete the meta-data below.
62             This is used by the Flutter tool to generate GeneratedPluginRegistrant.java
63        -->
64        <meta-data
64-->src/main/AndroidManifest.xml:31:9-33:33
65            android:name="flutterEmbedding"
65-->src/main/AndroidManifest.xml:32:13-44
66            android:value="2" />
66-->src/main/AndroidManifest.xml:33:13-30
67
68        <provider
68-->[:open_file] AndroidManifest.xml:11:9-20:20
69            android:name="com.crazecoder.openfile.FileProvider"
69-->[:open_file] AndroidManifest.xml:12:13-64
70            android:authorities="com.example.grad_project.fileProvider.com.crazecoder.openfile"
70-->[:open_file] AndroidManifest.xml:13:13-88
71            android:exported="false"
71-->[:open_file] AndroidManifest.xml:14:13-37
72            android:grantUriPermissions="true" >
72-->[:open_file] AndroidManifest.xml:15:13-47
73            <meta-data
73-->[:open_file] AndroidManifest.xml:17:13-19:53
74                android:name="android.support.FILE_PROVIDER_PATHS"
74-->[:open_file] AndroidManifest.xml:18:17-67
75                android:resource="@xml/filepaths" />
75-->[:open_file] AndroidManifest.xml:19:17-50
76        </provider>
77
78        <activity
78-->[:url_launcher_android] AndroidManifest.xml:10:9-13:74
79            android:name="io.flutter.plugins.urllauncher.WebViewActivity"
79-->[:url_launcher_android] AndroidManifest.xml:11:13-74
80            android:exported="false"
80-->[:url_launcher_android] AndroidManifest.xml:12:13-37
81            android:theme="@android:style/Theme.NoTitleBar.Fullscreen" />
81-->[:url_launcher_android] AndroidManifest.xml:13:13-71
82
83        <uses-library
83-->[androidx.window:window:1.0.0-beta04] AndroidManifest.xml:25:9-27:40
84            android:name="androidx.window.extensions"
84-->[androidx.window:window:1.0.0-beta04] AndroidManifest.xml:26:13-54
85            android:required="false" />
85-->[androidx.window:window:1.0.0-beta04] AndroidManifest.xml:27:13-37
86        <uses-library
86-->[androidx.window:window:1.0.0-beta04] AndroidManifest.xml:28:9-30:40
87            android:name="androidx.window.sidecar"
87-->[androidx.window:window:1.0.0-beta04] AndroidManifest.xml:29:13-51
88            android:required="false" />
88-->[androidx.window:window:1.0.0-beta04] AndroidManifest.xml:30:13-37
89
90        <provider
90-->[androidx.emoji2:emoji2:1.2.0] AndroidManifest.xml:24:9-32:20
91            android:name="androidx.startup.InitializationProvider"
91-->[androidx.emoji2:emoji2:1.2.0] AndroidManifest.xml:25:13-67
92            android:authorities="com.example.grad_project.androidx-startup"
92-->[androidx.emoji2:emoji2:1.2.0] AndroidManifest.xml:26:13-68
93            android:exported="false" >
93-->[androidx.emoji2:emoji2:1.2.0] AndroidManifest.xml:27:13-37
94            <meta-data
94-->[androidx.emoji2:emoji2:1.2.0] AndroidManifest.xml:29:13-31:52
95                android:name="androidx.emoji2.text.EmojiCompatInitializer"
95-->[androidx.emoji2:emoji2:1.2.0] AndroidManifest.xml:30:17-75
96                android:value="androidx.startup" />
96-->[androidx.emoji2:emoji2:1.2.0] AndroidManifest.xml:31:17-49
97            <meta-data
97-->[androidx.lifecycle:lifecycle-process:2.4.1] AndroidManifest.xml:31:13-33:52
98                android:name="androidx.lifecycle.ProcessLifecycleInitializer"
98-->[androidx.lifecycle:lifecycle-process:2.4.1] AndroidManifest.xml:32:17-78
99                android:value="androidx.startup" />
99-->[androidx.lifecycle:lifecycle-process:2.4.1] AndroidManifest.xml:33:17-49
100        </provider>
101    </application>
102
103</manifest>